<?xml version='1.0' encoding='UTF-8'?>
<testsuite hostname="LAPTOP-LB5MOC7P" name="de.uni_saarland.cs.se.BasicTypeTests" tests="17" errors="0" failures="0" skipped="0" time="0.214" timestamp="2022-01-04T12:13:59">
          <properties>
[...]
</properties>
          <testcase classname="de.uni_saarland.cs.se.BasicTypeTests" name="The Theta of a VType should contain a disjunction of its range" time="0.052">
                      
                    </testcase><testcase classname="de.uni_saarland.cs.se.BasicTypeTests" name="The join of two VTypes should contain the joined VTypes" time="0.006">
                      
                    </testcase><testcase classname="de.uni_saarland.cs.se.BasicTypeTests" name="The equality formula should have the expected form" time="0.004">
                      
                    </testcase><testcase classname="de.uni_saarland.cs.se.BasicTypeTests" name="The expression 'Const(True)' should have the type 'BoolTy'" time="0.009">
                      
                    </testcase><testcase classname="de.uni_saarland.cs.se.BasicTypeTests" name="The expression 'Const(False)' should have the type 'BoolTy'" time="0.001">
                      
                    </testcase><testcase classname="de.uni_saarland.cs.se.BasicTypeTests" name="The expression 'Const(Num(42))' should have the type 'NumTy'" time="0.0">
                      
                    </testcase><testcase classname="de.uni_saarland.cs.se.BasicTypeTests" name="The variable in 'x' must be in the context" time="0.001">
                      
                    </testcase><testcase classname="de.uni_saarland.cs.se.BasicTypeTests" name="The variable in 'x' should be in the context" time="0.098">
                      
                    </testcase><testcase classname="de.uni_saarland.cs.se.BasicTypeTests" name="The expression '5 &lt; 4' should have the type 'BoolTy'" time="0.003">
                      
                    </testcase><testcase classname="de.uni_saarland.cs.se.BasicTypeTests" name="The first argument to 'Smaller' must have the type 'NumTy'" time="0.006">
                      
                    </testcase><testcase classname="de.uni_saarland.cs.se.BasicTypeTests" name="The second argument to 'Smaller' must have the type 'NumTy'" time="0.001">
                      
                    </testcase><testcase classname="de.uni_saarland.cs.se.BasicTypeTests" name="The condition in 'If' must have the type 'BoolTy'" time="0.015">
                      
                    </testcase><testcase classname="de.uni_saarland.cs.se.BasicTypeTests" name="The 'then' and 'else' expressions in 'If' must have the same type" time="0.005">
                      
                    </testcase><testcase classname="de.uni_saarland.cs.se.BasicTypeTests" name="The type of 'If' should be the join of the 'then' and 'else' types" time="0.003">
                      
                    </testcase><testcase classname="de.uni_saarland.cs.se.BasicTypeTests" name="The 'Id' in 'Let' must not be in the context already" time="0.007">
                      
                    </testcase><testcase classname="de.uni_saarland.cs.se.BasicTypeTests" name="The VType of the 'Let' expression should be adequate" time="0.002">
                      
                    </testcase><testcase classname="de.uni_saarland.cs.se.BasicTypeTests" name="The expression 'Choice(A || B, True, 5)' should have a VType with two entries" time="0.001">
                      
                    </testcase>
          <system-out><![CDATA[]]></system-out>
          <system-err><![CDATA[]]></system-err>
        </testsuite>